<testsuites id="" name="" tests="1" failures="1" skipped="0" errors="0" time="16.905529">
<testsuite name="playwright-test.js" timestamp="2025-07-03T06:59:34.722Z" hostname="Desktop Chrome" tests="1" failures="1" skipped="0" time="14.107" errors="0">
<testcase name="ç™¼éŸ³è©•ä¼°åŸºæº–æ¸¬è©¦ â€º åŸºæº–æ¸¬è©¦ - å®Œæ•´ç™¼éŸ³è©•ä¼°æµç¨‹" classname="playwright-test.js" time="14.107">
<failure message="playwright-test.js:29:3 åŸºæº–æ¸¬è©¦ - å®Œæ•´ç™¼éŸ³è©•ä¼°æµç¨‹" type="FAILURE">
<![CDATA[  [Desktop Chrome] â€º playwright-test.js:29:3 â€º ç™¼éŸ³è©•ä¼°åŸºæº–æ¸¬è©¦ â€º åŸºæº–æ¸¬è©¦ - å®Œæ•´ç™¼éŸ³è©•ä¼°æµç¨‹ â”€â”€â”€â”€â”€â”€â”€â”€â”€â”€â”€â”€â”€â”€â”€â”€â”€â”€â”€â”€â”€â”€â”€â”€â”€â”€

    Error: Timed out 5000ms waiting for expect(locator).toBeVisible()

    Locator: locator('button').filter({ hasText: /é–‹å§‹éŒ„éŸ³|é–‹å§‹|Start/i }).first()
    Expected: visible
    Received: <element(s) not found>
    Call log:
      - Expect "toBeVisible" with timeout 5000ms
      - waiting for locator('button').filter({ hasText: /é–‹å§‹éŒ„éŸ³|é–‹å§‹|Start/i }).first()


      48 |       hasText: /é–‹å§‹éŒ„éŸ³|é–‹å§‹|Start/i 
      49 |     }).first();
    > 50 |     await expect(startButton).toBeVisible();
         |                               ^
      51 |     await startButton.click();
      52 |     console.log('âœ… é»æ“Šé–‹å§‹éŒ„éŸ³æŒ‰éˆ•');
      53 |     
        at C:\py\pronunciation\pronunciation-assessment-front\tests\playwright-test.js:50:31

    attachment #1: screenshot (image/png) â”€â”€â”€â”€â”€â”€â”€â”€â”€â”€â”€â”€â”€â”€â”€â”€â”€â”€â”€â”€â”€â”€â”€â”€â”€â”€â”€â”€â”€â”€â”€â”€â”€â”€â”€â”€â”€â”€â”€â”€â”€â”€â”€â”€â”€â”€â”€â”€â”€â”€â”€â”€â”€â”€â”€â”€â”€â”€
    test-results\playwright-test.js-ç™¼éŸ³è©•ä¼°åŸºæº–æ¸¬è©¦-åŸºæº–æ¸¬è©¦---å®Œæ•´ç™¼éŸ³è©•ä¼°æµç¨‹-Desktop-Chrome\test-failed-1.png
    â”€â”€â”€â”€â”€â”€â”€â”€â”€â”€â”€â”€â”€â”€â”€â”€â”€â”€â”€â”€â”€â”€â”€â”€â”€â”€â”€â”€â”€â”€â”€â”€â”€â”€â”€â”€â”€â”€â”€â”€â”€â”€â”€â”€â”€â”€â”€â”€â”€â”€â”€â”€â”€â”€â”€â”€â”€â”€â”€â”€â”€â”€â”€â”€â”€â”€â”€â”€â”€â”€â”€â”€â”€â”€â”€â”€â”€â”€â”€â”€â”€â”€â”€â”€â”€â”€â”€â”€â”€â”€â”€â”€â”€â”€â”€â”€

    attachment #2: video (video/webm) â”€â”€â”€â”€â”€â”€â”€â”€â”€â”€â”€â”€â”€â”€â”€â”€â”€â”€â”€â”€â”€â”€â”€â”€â”€â”€â”€â”€â”€â”€â”€â”€â”€â”€â”€â”€â”€â”€â”€â”€â”€â”€â”€â”€â”€â”€â”€â”€â”€â”€â”€â”€â”€â”€â”€â”€â”€â”€â”€â”€â”€â”€
    test-results\playwright-test.js-ç™¼éŸ³è©•ä¼°åŸºæº–æ¸¬è©¦-åŸºæº–æ¸¬è©¦---å®Œæ•´ç™¼éŸ³è©•ä¼°æµç¨‹-Desktop-Chrome\video.webm
    â”€â”€â”€â”€â”€â”€â”€â”€â”€â”€â”€â”€â”€â”€â”€â”€â”€â”€â”€â”€â”€â”€â”€â”€â”€â”€â”€â”€â”€â”€â”€â”€â”€â”€â”€â”€â”€â”€â”€â”€â”€â”€â”€â”€â”€â”€â”€â”€â”€â”€â”€â”€â”€â”€â”€â”€â”€â”€â”€â”€â”€â”€â”€â”€â”€â”€â”€â”€â”€â”€â”€â”€â”€â”€â”€â”€â”€â”€â”€â”€â”€â”€â”€â”€â”€â”€â”€â”€â”€â”€â”€â”€â”€â”€â”€â”€

    Error Context: ..\test-results\playwright-test.js-ç™¼éŸ³è©•ä¼°åŸºæº–æ¸¬è©¦-åŸºæº–æ¸¬è©¦---å®Œæ•´ç™¼éŸ³è©•ä¼°æµç¨‹-Desktop-Chrome\error-context.md

    attachment #4: trace (application/zip) â”€â”€â”€â”€â”€â”€â”€â”€â”€â”€â”€â”€â”€â”€â”€â”€â”€â”€â”€â”€â”€â”€â”€â”€â”€â”€â”€â”€â”€â”€â”€â”€â”€â”€â”€â”€â”€â”€â”€â”€â”€â”€â”€â”€â”€â”€â”€â”€â”€â”€â”€â”€â”€â”€â”€â”€â”€
    test-results\playwright-test.js-ç™¼éŸ³è©•ä¼°åŸºæº–æ¸¬è©¦-åŸºæº–æ¸¬è©¦---å®Œæ•´ç™¼éŸ³è©•ä¼°æµç¨‹-Desktop-Chrome\trace.zip
    Usage:

        npx playwright show-trace test-results\playwright-test.js-ç™¼éŸ³è©•ä¼°åŸºæº–æ¸¬è©¦-åŸºæº–æ¸¬è©¦---å®Œæ•´ç™¼éŸ³è©•ä¼°æµç¨‹-Desktop-Chrome\trace.zip

    â”€â”€â”€â”€â”€â”€â”€â”€â”€â”€â”€â”€â”€â”€â”€â”€â”€â”€â”€â”€â”€â”€â”€â”€â”€â”€â”€â”€â”€â”€â”€â”€â”€â”€â”€â”€â”€â”€â”€â”€â”€â”€â”€â”€â”€â”€â”€â”€â”€â”€â”€â”€â”€â”€â”€â”€â”€â”€â”€â”€â”€â”€â”€â”€â”€â”€â”€â”€â”€â”€â”€â”€â”€â”€â”€â”€â”€â”€â”€â”€â”€â”€â”€â”€â”€â”€â”€â”€â”€â”€â”€â”€â”€â”€â”€â”€

    Retry #1 â”€â”€â”€â”€â”€â”€â”€â”€â”€â”€â”€â”€â”€â”€â”€â”€â”€â”€â”€â”€â”€â”€â”€â”€â”€â”€â”€â”€â”€â”€â”€â”€â”€â”€â”€â”€â”€â”€â”€â”€â”€â”€â”€â”€â”€â”€â”€â”€â”€â”€â”€â”€â”€â”€â”€â”€â”€â”€â”€â”€â”€â”€â”€â”€â”€â”€â”€â”€â”€â”€â”€â”€â”€â”€â”€â”€â”€â”€â”€â”€â”€â”€â”€â”€â”€â”€â”€

    Error: Timed out 5000ms waiting for expect(locator).toBeVisible()

    Locator: locator('button').filter({ hasText: /é–‹å§‹éŒ„éŸ³|é–‹å§‹|Start/i }).first()
    Expected: visible
    Received: <element(s) not found>
    Call log:
      - Expect "toBeVisible" with timeout 5000ms
      - waiting for locator('button').filter({ hasText: /é–‹å§‹éŒ„éŸ³|é–‹å§‹|Start/i }).first()


      48 |       hasText: /é–‹å§‹éŒ„éŸ³|é–‹å§‹|Start/i 
      49 |     }).first();
    > 50 |     await expect(startButton).toBeVisible();
         |                               ^
      51 |     await startButton.click();
      52 |     console.log('âœ… é»æ“Šé–‹å§‹éŒ„éŸ³æŒ‰éˆ•');
      53 |     
        at C:\py\pronunciation\pronunciation-assessment-front\tests\playwright-test.js:50:31

    attachment #1: screenshot (image/png) â”€â”€â”€â”€â”€â”€â”€â”€â”€â”€â”€â”€â”€â”€â”€â”€â”€â”€â”€â”€â”€â”€â”€â”€â”€â”€â”€â”€â”€â”€â”€â”€â”€â”€â”€â”€â”€â”€â”€â”€â”€â”€â”€â”€â”€â”€â”€â”€â”€â”€â”€â”€â”€â”€â”€â”€â”€â”€
    test-results\playwright-test.js-ç™¼éŸ³è©•ä¼°åŸºæº–æ¸¬è©¦-åŸºæº–æ¸¬è©¦---å®Œæ•´ç™¼éŸ³è©•ä¼°æµç¨‹-Desktop-Chrome-retry1\test-failed-1.png
    â”€â”€â”€â”€â”€â”€â”€â”€â”€â”€â”€â”€â”€â”€â”€â”€â”€â”€â”€â”€â”€â”€â”€â”€â”€â”€â”€â”€â”€â”€â”€â”€â”€â”€â”€â”€â”€â”€â”€â”€â”€â”€â”€â”€â”€â”€â”€â”€â”€â”€â”€â”€â”€â”€â”€â”€â”€â”€â”€â”€â”€â”€â”€â”€â”€â”€â”€â”€â”€â”€â”€â”€â”€â”€â”€â”€â”€â”€â”€â”€â”€â”€â”€â”€â”€â”€â”€â”€â”€â”€â”€â”€â”€â”€â”€â”€

    attachment #2: video (video/webm) â”€â”€â”€â”€â”€â”€â”€â”€â”€â”€â”€â”€â”€â”€â”€â”€â”€â”€â”€â”€â”€â”€â”€â”€â”€â”€â”€â”€â”€â”€â”€â”€â”€â”€â”€â”€â”€â”€â”€â”€â”€â”€â”€â”€â”€â”€â”€â”€â”€â”€â”€â”€â”€â”€â”€â”€â”€â”€â”€â”€â”€â”€
    test-results\playwright-test.js-ç™¼éŸ³è©•ä¼°åŸºæº–æ¸¬è©¦-åŸºæº–æ¸¬è©¦---å®Œæ•´ç™¼éŸ³è©•ä¼°æµç¨‹-Desktop-Chrome-retry1\video.webm
    â”€â”€â”€â”€â”€â”€â”€â”€â”€â”€â”€â”€â”€â”€â”€â”€â”€â”€â”€â”€â”€â”€â”€â”€â”€â”€â”€â”€â”€â”€â”€â”€â”€â”€â”€â”€â”€â”€â”€â”€â”€â”€â”€â”€â”€â”€â”€â”€â”€â”€â”€â”€â”€â”€â”€â”€â”€â”€â”€â”€â”€â”€â”€â”€â”€â”€â”€â”€â”€â”€â”€â”€â”€â”€â”€â”€â”€â”€â”€â”€â”€â”€â”€â”€â”€â”€â”€â”€â”€â”€â”€â”€â”€â”€â”€â”€

    Error Context: ..\test-results\playwright-test.js-ç™¼éŸ³è©•ä¼°åŸºæº–æ¸¬è©¦-åŸºæº–æ¸¬è©¦---å®Œæ•´ç™¼éŸ³è©•ä¼°æµç¨‹-Desktop-Chrome-retry1\error-context.md

    attachment #4: trace (application/zip) â”€â”€â”€â”€â”€â”€â”€â”€â”€â”€â”€â”€â”€â”€â”€â”€â”€â”€â”€â”€â”€â”€â”€â”€â”€â”€â”€â”€â”€â”€â”€â”€â”€â”€â”€â”€â”€â”€â”€â”€â”€â”€â”€â”€â”€â”€â”€â”€â”€â”€â”€â”€â”€â”€â”€â”€â”€
    test-results\playwright-test.js-ç™¼éŸ³è©•ä¼°åŸºæº–æ¸¬è©¦-åŸºæº–æ¸¬è©¦---å®Œæ•´ç™¼éŸ³è©•ä¼°æµç¨‹-Desktop-Chrome-retry1\trace.zip
    Usage:

        npx playwright show-trace test-results\playwright-test.js-ç™¼éŸ³è©•ä¼°åŸºæº–æ¸¬è©¦-åŸºæº–æ¸¬è©¦---å®Œæ•´ç™¼éŸ³è©•ä¼°æµç¨‹-Desktop-Chrome-retry1\trace.zip

    â”€â”€â”€â”€â”€â”€â”€â”€â”€â”€â”€â”€â”€â”€â”€â”€â”€â”€â”€â”€â”€â”€â”€â”€â”€â”€â”€â”€â”€â”€â”€â”€â”€â”€â”€â”€â”€â”€â”€â”€â”€â”€â”€â”€â”€â”€â”€â”€â”€â”€â”€â”€â”€â”€â”€â”€â”€â”€â”€â”€â”€â”€â”€â”€â”€â”€â”€â”€â”€â”€â”€â”€â”€â”€â”€â”€â”€â”€â”€â”€â”€â”€â”€â”€â”€â”€â”€â”€â”€â”€â”€â”€â”€â”€â”€â”€
]]>
</failure>
<system-out>
<![CDATA[ğŸš€ é–‹å§‹åŸºæº–æ¸¬è©¦ - å®Œæ•´ç™¼éŸ³è©•ä¼°æµç¨‹
âœ… é é¢è¼‰å…¥æˆåŠŸ
âœ… æ¸¬è©¦æ–‡å­—è¼¸å…¥å®Œæˆ

[[ATTACHMENT|test-results\playwright-test.js-ç™¼éŸ³è©•ä¼°åŸºæº–æ¸¬è©¦-åŸºæº–æ¸¬è©¦---å®Œæ•´ç™¼éŸ³è©•ä¼°æµç¨‹-Desktop-Chrome\test-failed-1.png]]

[[ATTACHMENT|test-results\playwright-test.js-ç™¼éŸ³è©•ä¼°åŸºæº–æ¸¬è©¦-åŸºæº–æ¸¬è©¦---å®Œæ•´ç™¼éŸ³è©•ä¼°æµç¨‹-Desktop-Chrome\video.webm]]

[[ATTACHMENT|test-results\playwright-test.js-ç™¼éŸ³è©•ä¼°åŸºæº–æ¸¬è©¦-åŸºæº–æ¸¬è©¦---å®Œæ•´ç™¼éŸ³è©•ä¼°æµç¨‹-Desktop-Chrome\error-context.md]]

[[ATTACHMENT|test-results\playwright-test.js-ç™¼éŸ³è©•ä¼°åŸºæº–æ¸¬è©¦-åŸºæº–æ¸¬è©¦---å®Œæ•´ç™¼éŸ³è©•ä¼°æµç¨‹-Desktop-Chrome\trace.zip]]
ğŸš€ é–‹å§‹åŸºæº–æ¸¬è©¦ - å®Œæ•´ç™¼éŸ³è©•ä¼°æµç¨‹
âœ… é é¢è¼‰å…¥æˆåŠŸ
âœ… æ¸¬è©¦æ–‡å­—è¼¸å…¥å®Œæˆ

[[ATTACHMENT|test-results\playwright-test.js-ç™¼éŸ³è©•ä¼°åŸºæº–æ¸¬è©¦-åŸºæº–æ¸¬è©¦---å®Œæ•´ç™¼éŸ³è©•ä¼°æµç¨‹-Desktop-Chrome-retry1\test-failed-1.png]]

[[ATTACHMENT|test-results\playwright-test.js-ç™¼éŸ³è©•ä¼°åŸºæº–æ¸¬è©¦-åŸºæº–æ¸¬è©¦---å®Œæ•´ç™¼éŸ³è©•ä¼°æµç¨‹-Desktop-Chrome-retry1\video.webm]]

[[ATTACHMENT|test-results\playwright-test.js-ç™¼éŸ³è©•ä¼°åŸºæº–æ¸¬è©¦-åŸºæº–æ¸¬è©¦---å®Œæ•´ç™¼éŸ³è©•ä¼°æµç¨‹-Desktop-Chrome-retry1\error-context.md]]

[[ATTACHMENT|test-results\playwright-test.js-ç™¼éŸ³è©•ä¼°åŸºæº–æ¸¬è©¦-åŸºæº–æ¸¬è©¦---å®Œæ•´ç™¼éŸ³è©•ä¼°æµç¨‹-Desktop-Chrome-retry1\trace.zip]]
]]>
</system-out>
</testcase>
</testsuite>
</testsuites>