<testsuites id="" name="" tests="1" failures="0" skipped="0" errors="0" time="118.38699300000002">
<testsuite name="mcp-header-test.js" timestamp="2025-07-24T03:32:04.814Z" hostname="Desktop Chrome" tests="1" failures="0" skipped="0" time="51.735" errors="0">
<testcase name="MCP Header Style Test › Visually inspect the header on pitch-details-v2" classname="mcp-header-test.js" time="51.735">
<system-out>
<![CDATA[Screenshot of the header has been saved to: playwright-report/mcp-header-screenshot.png
]]>
</system-out>
</testcase>
</testsuite>
</testsuites>